<?xml version="1.0" encoding="UTF-8"?>
<testng-results ignored="0" total="1" passed="1" failed="0" skipped="0">
  <reporter-output>
  </reporter-output>
  <suite started-at="2024-09-30T08:31:45 IST" name="Default suite" finished-at="2024-09-30T08:31:52 IST" duration-ms="6830">
    <groups>
    </groups>
    <test started-at="2024-09-30T08:31:45 IST" name="Default test" finished-at="2024-09-30T08:31:52 IST" duration-ms="6830">
      <class name="newtoursetestcases.VerifyFindFlightFunctinality">
        <test-method is-config="true" signature="setup()[pri:0, instance:newtoursetestcases.VerifyFindFlightFunctinality@957e06]" started-at="2024-09-30T08:31:45 IST" name="setup" finished-at="2024-09-30T08:31:49 IST" duration-ms="4571" status="PASS">
          <reporter-output>
          </reporter-output>
        </test-method> <!-- setup -->
        <test-method signature="verifyFindFlight()[pri:0, instance:newtoursetestcases.VerifyFindFlightFunctinality@957e06]" started-at="2024-09-30T08:31:49 IST" name="verifyFindFlight" finished-at="2024-09-30T08:31:51 IST" duration-ms="1797" status="PASS">
          <reporter-output>
          </reporter-output>
        </test-method> <!-- verifyFindFlight -->
        <test-method is-config="true" signature="tearDown()[pri:0, instance:newtoursetestcases.VerifyFindFlightFunctinality@957e06]" started-at="2024-09-30T08:31:51 IST" name="tearDown" finished-at="2024-09-30T08:31:52 IST" duration-ms="430" status="PASS">
          <reporter-output>
          </reporter-output>
        </test-method> <!-- tearDown -->
      </class> <!-- newtoursetestcases.VerifyFindFlightFunctinality -->
    </test> <!-- Default test -->
  </suite> <!-- Default suite -->
</testng-results>
